#
# There is insufficient memory for the Java Runtime Environment to continue.
# Native memory allocation (malloc) failed to allocate 1051808 bytes for Chunk::new
# Possible reasons:
#   The system is out of physical RAM or swap space
#   In 32 bit mode, the process size limit was hit
# Possible solutions:
#   Reduce memory load on the system
#   Increase physical memory or swap space
#   Check if swap backing store is full
#   Use 64 bit Java on a 64 bit OS
#   Decrease Java heap size (-Xmx/-Xms)
#   Decrease number of Java threads
#   Decrease Java thread stack sizes (-Xss)
#   Set larger code cache with -XX:ReservedCodeCacheSize=
# This output file may be truncated or incomplete.
#
#  Out of Memory Error (allocation.cpp:390), pid=1804, tid=0x0000000000002510
#
# JRE version: OpenJDK Runtime Environment (8.0_152-b01) (build 1.8.0_152-release-1248-b01)
# Java VM: OpenJDK 64-Bit Server VM (25.152-b01 mixed mode windows-amd64 compressed oops)
# Failed to write core dump. Minidumps are not enabled by default on client versions of Windows
#

---------------  T H R E A D  ---------------

Current thread (0x0000000018cd1800):  JavaThread "C2 CompilerThread1" daemon [_thread_in_native, id=9488, stack(0x0000000019590000,0x0000000019690000)]

Stack: [0x0000000019590000,0x0000000019690000]
[error occurred during error reporting (printing stack bounds), id 0xc0000005]

Native frames: (J=compiled Java code, j=interpreted, Vv=VM code, C=native code)


Current CompileTask:
C2:26080633 37528       4       com.android.tools.r8.ir.regalloc.LinearScanRegisterAllocator::allocateSingleInterval (823 bytes)


---------------  P R O C E S S  ---------------

Java Threads: ( => current thread )
  0x000000001db64000 JavaThread "ForkJoinPool.commonPool-worker-6" daemon [_thread_in_native, id=1476, stack(0x0000000037260000,0x0000000037360000)]
  0x000000001db5e800 JavaThread "ForkJoinPool.commonPool-worker-5" daemon [_thread_in_Java, id=12680, stack(0x0000000037160000,0x0000000037260000)]
  0x000000001db5c800 JavaThread "ForkJoinPool.commonPool-worker-4" daemon [_thread_in_native, id=3236, stack(0x0000000037060000,0x0000000037160000)]
  0x000000001db62800 JavaThread "ForkJoinPool.commonPool-worker-3" daemon [_thread_in_native, id=15696, stack(0x0000000036f60000,0x0000000037060000)]
  0x000000001db61000 JavaThread "ForkJoinPool.commonPool-worker-2" daemon [_thread_in_native, id=15448, stack(0x0000000036e60000,0x0000000036f60000)]
  0x000000001db57000 JavaThread "ForkJoinPool.commonPool-worker-1" daemon [_thread_in_native, id=13740, stack(0x0000000036d60000,0x0000000036e60000)]
  0x000000001db5e000 JavaThread "ForkJoinPool.commonPool-worker-0" daemon [_thread_in_native, id=17368, stack(0x0000000036b60000,0x0000000036c60000)]
  0x000000001db5a000 JavaThread "stdout" [_thread_in_native, id=13848, stack(0x0000000036a60000,0x0000000036b60000)]
  0x000000001de1b800 JavaThread "stderr" [_thread_in_native, id=10268, stack(0x0000000036960000,0x0000000036a60000)]
  0x000000001de1a000 JavaThread "pool-208-thread-1" [_thread_blocked, id=10236, stack(0x0000000036860000,0x0000000036960000)]
  0x000000001de19000 JavaThread "Cache worker for Build Output Cleanup Cache (D:\Dzaky Tugas\ITERA\Semester 6\Pengembangan Aplikasi Mobile\Project Ticket Saya\.gradle\buildOutputCleanup)" [_thread_blocked, id=16112, stack(0x0000000036760000,0x0000000036860000)]
  0x000000001de1e800 JavaThread "Cache worker for task history cache (D:\Dzaky Tugas\ITERA\Semester 6\Pengembangan Aplikasi Mobile\Project Ticket Saya\.gradle\4.10.1\taskHistory)" [_thread_blocked, id=10420, stack(0x0000000036660000,0x0000000036760000)]
  0x000000001de14000 JavaThread "Task worker for ':' Thread 7" [_thread_blocked, id=12648, stack(0x0000000036560000,0x0000000036660000)]
  0x000000001de15800 JavaThread "Task worker for ':' Thread 6" [_thread_blocked, id=272, stack(0x0000000036460000,0x0000000036560000)]
  0x000000001de1a800 JavaThread "Task worker for ':' Thread 5" [_thread_blocked, id=16832, stack(0x0000000036360000,0x0000000036460000)]
  0x000000001de17800 JavaThread "Task worker for ':' Thread 4" [_thread_blocked, id=8808, stack(0x0000000036260000,0x0000000036360000)]
  0x000000001de10000 JavaThread "Task worker for ':' Thread 3" [_thread_blocked, id=14280, stack(0x0000000036160000,0x0000000036260000)]
  0x000000001de16000 JavaThread "Task worker for ':' Thread 2" [_thread_blocked, id=13832, stack(0x0000000036060000,0x0000000036160000)]
  0x000000001de17000 JavaThread "Task worker for ':'" [_thread_blocked, id=16144, stack(0x0000000035f60000,0x0000000036060000)]
  0x000000001de11800 JavaThread "Cache worker for file content cache (D:\Dzaky Tugas\ITERA\Semester 6\Pengembangan Aplikasi Mobile\Project Ticket Saya\.gradle\4.10.1\fileContent)" [_thread_blocked, id=11288, stack(0x0000000035e60000,0x0000000035f60000)]
  0x000000001de13000 JavaThread "pool-207-thread-1" [_thread_blocked, id=13876, stack(0x0000000035d60000,0x0000000035e60000)]
  0x000000001de10800 JavaThread "Build operations Thread 8" [_thread_blocked, id=5824, stack(0x0000000035c60000,0x0000000035d60000)]
  0x000000002a196800 JavaThread "Build operations Thread 7" [_thread_blocked, id=15772, stack(0x0000000035b60000,0x0000000035c60000)]
  0x000000002a197000 JavaThread "Build operations Thread 6" [_thread_blocked, id=11544, stack(0x0000000035a60000,0x0000000035b60000)]
  0x000000002a195800 JavaThread "Build operations Thread 5" [_thread_blocked, id=7384, stack(0x0000000035960000,0x0000000035a60000)]
  0x000000002a195000 JavaThread "Build operations Thread 4" [_thread_blocked, id=12896, stack(0x0000000035860000,0x0000000035960000)]
  0x000000002a194000 JavaThread "Build operations Thread 3" [_thread_blocked, id=8892, stack(0x0000000035760000,0x0000000035860000)]
  0x000000002a193800 JavaThread "Build operations Thread 2" [_thread_blocked, id=17384, stack(0x0000000035660000,0x0000000035760000)]
  0x000000002a192800 JavaThread "Build operations" [_thread_blocked, id=12944, stack(0x0000000035560000,0x0000000035660000)]
  0x000000002a18b000 JavaThread "Cache worker for cache directory md-rule (C:\Users\ROG GL552VX\.gradle\caches\4.10.1\md-rule)" [_thread_blocked, id=17124, stack(0x0000000035460000,0x0000000035560000)]
  0x000000002a191800 JavaThread "Cache worker for cache directory md-supplier (C:\Users\ROG GL552VX\.gradle\caches\4.10.1\md-supplier)" [_thread_blocked, id=5008, stack(0x0000000035360000,0x0000000035460000)]
  0x000000002a18a000 JavaThread "Cache worker for file hash cache (D:\Dzaky Tugas\ITERA\Semester 6\Pengembangan Aplikasi Mobile\Project Ticket Saya\.gradle\4.10.1\fileHashes)" [_thread_blocked, id=11492, stack(0x0000000035260000,0x0000000035360000)]
  0x000000002a191000 JavaThread "Stdin handler" [_thread_blocked, id=13032, stack(0x0000000035160000,0x0000000035260000)]
  0x000000002a190000 JavaThread "Asynchronous log dispatcher for DefaultDaemonConnection: socket connection from /127.0.0.1:64850 to /127.0.0.1:63404" [_thread_blocked, id=15776, stack(0x0000000035060000,0x0000000035160000)]
  0x000000002a189800 JavaThread "Daemon worker Thread 59" [_thread_blocked, id=10080, stack(0x0000000034f60000,0x0000000035060000)]
  0x000000002a18d000 JavaThread "Cancel handler" [_thread_blocked, id=11708, stack(0x0000000034e60000,0x0000000034f60000)]
  0x000000002a18f800 JavaThread "Handler for socket connection from /127.0.0.1:64850 to /127.0.0.1:63404" [_thread_in_native, id=8876, stack(0x0000000034d60000,0x0000000034e60000)]
  0x000000002a18e000 JavaThread "Daemon Thread 59" [_thread_blocked, id=13012, stack(0x0000000034c60000,0x0000000034d60000)]
  0x000000001db63800 JavaThread "Cache worker for Java compile cache (C:\Users\ROG GL552VX\.gradle\caches\4.10.1\javaCompile)" [_thread_blocked, id=7772, stack(0x0000000026e40000,0x0000000026f40000)]
  0x000000001db5f800 JavaThread "Cache worker for file content cache (C:\Users\ROG GL552VX\.gradle\caches\4.10.1\fileContent)" [_thread_blocked, id=8964, stack(0x0000000024040000,0x0000000024140000)]
  0x000000001db5d000 JavaThread "Memory manager" [_thread_blocked, id=4648, stack(0x0000000023f40000,0x0000000024040000)]
  0x000000001db48800 JavaThread "Cache worker for Artifact transforms cache (C:\Users\ROG GL552VX\.gradle\caches\transforms-1)" [_thread_blocked, id=15452, stack(0x0000000021a90000,0x0000000021b90000)]
  0x000000001db4b000 JavaThread "Cache worker for journal cache (C:\Users\ROG GL552VX\.gradle\caches\journal-1)" [_thread_blocked, id=2928, stack(0x000000001e680000,0x000000001e780000)]
  0x000000001ade9000 JavaThread "File lock request listener" [_thread_in_native, id=14068, stack(0x000000001e480000,0x000000001e580000)]
  0x000000001ade8800 JavaThread "Cache worker for file hash cache (C:\Users\ROG GL552VX\.gradle\caches\4.10.1\fileHashes)" [_thread_blocked, id=3672, stack(0x000000001e380000,0x000000001e480000)]
  0x000000001a88d800 JavaThread "Daemon periodic checks" [_thread_blocked, id=2452, stack(0x000000001c9b0000,0x000000001cab0000)]
  0x000000001ab3f000 JavaThread "Incoming local TCP Connector on port 64850" [_thread_in_native, id=9188, stack(0x000000001c770000,0x000000001c870000)]
  0x0000000018d68000 JavaThread "Service Thread" daemon [_thread_blocked, id=7820, stack(0x0000000019890000,0x0000000019990000)]
  0x0000000018cdb000 JavaThread "C1 CompilerThread3" daemon [_thread_blocked, id=8968, stack(0x0000000019790000,0x0000000019890000)]
  0x0000000016deb000 JavaThread "C2 CompilerThread2" daemon [_thread_in_native, id=1284, stack(0x0000000019690000,0x0000000019790000)]
=>0x0000000018cd1800 JavaThread "C2 CompilerThread1" daemon [_thread_in_native, id=9488, stack(0x0000000019590000,0x0000000019690000)]
  0x0000000018ccd800 JavaThread "C2 CompilerThread0" daemon [_thread_in_vm, id=6856, stack(0x0000000019490000,0x0000000019590000)]
  0x0000000018ccc000 JavaThread "Attach Listener" daemon [_thread_blocked, id=16156, stack(0x0000000019390000,0x0000000019490000)]
  0x0000000018cc9000 JavaThread "Signal Dispatcher" daemon [_thread_blocked, id=9372, stack(0x0000000019290000,0x0000000019390000)]
  0x0000000002ffe000 JavaThread "Finalizer" daemon [_thread_blocked, id=14524, stack(0x00000000190a0000,0x00000000191a0000)]
  0x0000000002ff4000 JavaThread "Reference Handler" daemon [_thread_blocked, id=9460, stack(0x0000000018ba0000,0x0000000018ca0000)]
  0x0000000002f02800 JavaThread "main" [_thread_blocked, id=12708, stack(0x0000000002db0000,0x0000000002eb0000)]

Other Threads:
  0x0000000016dd7000 VMThread [stack: 0x0000000018aa0000,0x0000000018ba0000] [id=9004]
  0x0000000018d23000 WatcherThread [stack: 0x0000000019990000,0x0000000019a90000] [id=13716]

VM state:not at safepoint (normal execution)

VM Mutex/Monitor currently owned by a thread:  ([mutex/lock_event])
[0x0000000002d0cfb0] CodeCache_lock - owner thread: 0x0000000000000000

Heap:
 PSYoungGen      total 487424K, used 147218K [0x00000000e0000000, 0x00000000ffd00000, 0x0000000100000000)
  eden space 453120K, 31% used [0x00000000e0000000,0x00000000e8a9ddc0,0x00000000fba80000)
  from space 34304K, 15% used [0x00000000fdb80000,0x00000000fe0a6bd8,0x00000000ffd00000)
  to   space 33792K, 0% used [0x00000000fba80000,0x00000000fba80000,0x00000000fdb80000)
 ParOldGen       total 184320K, used 96453K [0x00000000a0000000, 0x00000000ab400000, 0x00000000e0000000)
  object space 184320K, 52% used [0x00000000a0000000,0x00000000a5e314a8,0x00000000ab400000)
 Metaspace       used 122018K, capacity 129914K, committed 130472K, reserved 1163264K
  class space    used 15019K, capacity 16423K, committed 16560K, reserved 1048576K

Card table byte_map: [0x00000000123c0000,0x00000000126d0000] byte_map_base: 0x0000000011ec0000

Marking Bits: (ParMarkBitMap*) 0x000000006f645aa0
 Begin Bits: [0x00000000130d0000, 0x00000000148d0000)
 End Bits:   [0x00000000148d0000, 0x00000000160d0000)

Polling page: 0x0000000002eb0000

CodeCache: size=245760Kb used=103424Kb max_used=103620Kb free=142335Kb
 bounds [0x0000000003000000, 0x00000000095f0000, 0x0000000012000000]
 total_blobs=28041 nmethods=27116 adapters=835
 compilation: enabled

Compilation events (10 events):
Event: 26077.887 Thread 0x0000000016deb000 nmethod 37647 0x00000000093b4d50 code [0x00000000093b4ee0, 0x00000000093b5538]
Event: 26077.887 Thread 0x0000000016deb000 37627       4       com.android.tools.r8.shaking.ProguardKeepAttributes::update (77 bytes)
Event: 26077.905 Thread 0x0000000016deb000 nmethod 37627 0x00000000092a4d10 code [0x00000000092a4ea0, 0x00000000092a54c8]
Event: 26077.905 Thread 0x0000000016deb000 37628       4       com.android.tools.r8.graph.JarApplicationReader::getTypeListFromNames (48 bytes)
Event: 26077.911 Thread 0x0000000016deb000 nmethod 37628 0x00000000093bad50 code [0x00000000093baee0, 0x00000000093bb248]
Event: 26077.912 Thread 0x0000000016deb000 37673       4       java.util.HashMap$TreeNode::find (172 bytes)
Event: 26077.985 Thread 0x0000000016deb000 nmethod 37673 0x00000000088e6090 code [0x00000000088e63c0, 0x00000000088e89a0]
Event: 26077.985 Thread 0x0000000016deb000 37643       4       com.android.tools.r8.ir.code.Binop::isTwoAddr (124 bytes)
Event: 26077.989 Thread 0x0000000018cdb000 37677       3       java.util.HashMap$TreeNode::treeify (221 bytes)
Event: 26077.990 Thread 0x0000000018cdb000 nmethod 37677 0x00000000088596d0 code [0x00000000088598e0, 0x000000000885a448]

GC Heap History (10 events):
Event: 26074.985 GC heap before
{Heap before GC invocations=117 (full 5):
 PSYoungGen      total 479744K, used 446263K [0x00000000e0000000, 0x00000000ffd00000, 0x0000000100000000)
  eden space 439296K, 100% used [0x00000000e0000000,0x00000000fad00000,0x00000000fad00000)
  from space 40448K, 17% used [0x00000000fad00000,0x00000000fb3cde98,0x00000000fd480000)
  to   space 39424K, 0% used [0x00000000fd680000,0x00000000fd680000,0x00000000ffd00000)
 ParOldGen       total 184320K, used 91499K [0x00000000a0000000, 0x00000000ab400000, 0x00000000e0000000)
  object space 184320K, 49% used [0x00000000a0000000,0x00000000a595ad40,0x00000000ab400000)
 Metaspace       used 121934K, capacity 129850K, committed 130472K, reserved 1163264K
  class space    used 15018K, capacity 16423K, committed 16560K, reserved 1048576K
Event: 26074.994 GC heap after
Heap after GC invocations=117 (full 5):
 PSYoungGen      total 482816K, used 5919K [0x00000000e0000000, 0x00000000ffd00000, 0x0000000100000000)
  eden space 443392K, 0% used [0x00000000e0000000,0x00000000e0000000,0x00000000fb100000)
  from space 39424K, 15% used [0x00000000fd680000,0x00000000fdc47cf0,0x00000000ffd00000)
  to   space 38400K, 0% used [0x00000000fb100000,0x00000000fb100000,0x00000000fd680000)
 ParOldGen       total 184320K, used 92966K [0x00000000a0000000, 0x00000000ab400000, 0x00000000e0000000)
  object space 184320K, 50% used [0x00000000a0000000,0x00000000a5ac99b0,0x00000000ab400000)
 Metaspace       used 121934K, capacity 129850K, committed 130472K, reserved 1163264K
  class space    used 15018K, capacity 16423K, committed 16560K, reserved 1048576K
}
Event: 26075.540 GC heap before
{Heap before GC invocations=118 (full 5):
 PSYoungGen      total 482816K, used 449311K [0x00000000e0000000, 0x00000000ffd00000, 0x0000000100000000)
  eden space 443392K, 100% used [0x00000000e0000000,0x00000000fb100000,0x00000000fb100000)
  from space 39424K, 15% used [0x00000000fd680000,0x00000000fdc47cf0,0x00000000ffd00000)
  to   space 38400K, 0% used [0x00000000fb100000,0x00000000fb100000,0x00000000fd680000)
 ParOldGen       total 184320K, used 92966K [0x00000000a0000000, 0x00000000ab400000, 0x00000000e0000000)
  object space 184320K, 50% used [0x00000000a0000000,0x00000000a5ac99b0,0x00000000ab400000)
 Metaspace       used 121941K, capacity 129850K, committed 130472K, reserved 1163264K
  class space    used 15018K, capacity 16423K, committed 16560K, reserved 1048576K
Event: 26075.554 GC heap after
Heap after GC invocations=118 (full 5):
 PSYoungGen      total 481792K, used 7294K [0x00000000e0000000, 0x00000000ffd00000, 0x0000000100000000)
  eden space 443392K, 0% used [0x00000000e0000000,0x00000000e0000000,0x00000000fb100000)
  from space 38400K, 18% used [0x00000000fb100000,0x00000000fb81fbd8,0x00000000fd680000)
  to   space 37376K, 0% used [0x00000000fd880000,0x00000000fd880000,0x00000000ffd00000)
 ParOldGen       total 184320K, used 93916K [0x00000000a0000000, 0x00000000ab400000, 0x00000000e0000000)
  object space 184320K, 50% used [0x00000000a0000000,0x00000000a5bb7330,0x00000000ab400000)
 Metaspace       used 121941K, capacity 129850K, committed 130472K, reserved 1163264K
  class space    used 15018K, capacity 16423K, committed 16560K, reserved 1048576K
}
Event: 26076.624 GC heap before
{Heap before GC invocations=119 (full 5):
 PSYoungGen      total 481792K, used 450686K [0x00000000e0000000, 0x00000000ffd00000, 0x0000000100000000)
  eden space 443392K, 100% used [0x00000000e0000000,0x00000000fb100000,0x00000000fb100000)
  from space 38400K, 18% used [0x00000000fb100000,0x00000000fb81fbd8,0x00000000fd680000)
  to   space 37376K, 0% used [0x00000000fd880000,0x00000000fd880000,0x00000000ffd00000)
 ParOldGen       total 184320K, used 93916K [0x00000000a0000000, 0x00000000ab400000, 0x00000000e0000000)
  object space 184320K, 50% used [0x00000000a0000000,0x00000000a5bb7330,0x00000000ab400000)
 Metaspace       used 121957K, capacity 129850K, committed 130472K, reserved 1163264K
  class space    used 15019K, capacity 16423K, committed 16560K, reserved 1048576K
Event: 26076.635 GC heap after
Heap after GC invocations=119 (full 5):
 PSYoungGen      total 484352K, used 6744K [0x00000000e0000000, 0x00000000ffc00000, 0x0000000100000000)
  eden space 448000K, 0% used [0x00000000e0000000,0x00000000e0000000,0x00000000fb580000)
  from space 36352K, 18% used [0x00000000fd880000,0x00000000fdf163b0,0x00000000ffc00000)
  to   space 35840K, 0% used [0x00000000fb580000,0x00000000fb580000,0x00000000fd880000)
 ParOldGen       total 184320K, used 94936K [0x00000000a0000000, 0x00000000ab400000, 0x00000000e0000000)
  object space 184320K, 51% used [0x00000000a0000000,0x00000000a5cb61a8,0x00000000ab400000)
 Metaspace       used 121957K, capacity 129850K, committed 130472K, reserved 1163264K
  class space    used 15019K, capacity 16423K, committed 16560K, reserved 1048576K
}
Event: 26077.112 GC heap before
{Heap before GC invocations=120 (full 5):
 PSYoungGen      total 484352K, used 454744K [0x00000000e0000000, 0x00000000ffc00000, 0x0000000100000000)
  eden space 448000K, 100% used [0x00000000e0000000,0x00000000fb580000,0x00000000fb580000)
  from space 36352K, 18% used [0x00000000fd880000,0x00000000fdf163b0,0x00000000ffc00000)
  to   space 35840K, 0% used [0x00000000fb580000,0x00000000fb580000,0x00000000fd880000)
 ParOldGen       total 184320K, used 94936K [0x00000000a0000000, 0x00000000ab400000, 0x00000000e0000000)
  object space 184320K, 51% used [0x00000000a0000000,0x00000000a5cb61a8,0x00000000ab400000)
 Metaspace       used 121977K, capacity 129850K, committed 130472K, reserved 1163264K
  class space    used 15019K, capacity 16423K, committed 16560K, reserved 1048576K
Event: 26077.123 GC heap after
Heap after GC invocations=120 (full 5):
 PSYoungGen      total 483840K, used 6618K [0x00000000e0000000, 0x00000000ffd80000, 0x0000000100000000)
  eden space 448000K, 0% used [0x00000000e0000000,0x00000000e0000000,0x00000000fb580000)
  from space 35840K, 18% used [0x00000000fb580000,0x00000000fbbf6a78,0x00000000fd880000)
  to   space 34816K, 0% used [0x00000000fdb80000,0x00000000fdb80000,0x00000000ffd80000)
 ParOldGen       total 184320K, used 96381K [0x00000000a0000000, 0x00000000ab400000, 0x00000000e0000000)
  object space 184320K, 52% used [0x00000000a0000000,0x00000000a5e1f498,0x00000000ab400000)
 Metaspace       used 121977K, capacity 129850K, committed 130472K, reserved 1163264K
  class space    used 15019K, capacity 16423K, committed 16560K, reserved 1048576K
}
Event: 26077.822 GC heap before
{Heap before GC invocations=121 (full 5):
 PSYoungGen      total 483840K, used 454618K [0x00000000e0000000, 0x00000000ffd80000, 0x0000000100000000)
  eden space 448000K, 100% used [0x00000000e0000000,0x00000000fb580000,0x00000000fb580000)
  from space 35840K, 18% used [0x00000000fb580000,0x00000000fbbf6a78,0x00000000fd880000)
  to   space 34816K, 0% used [0x00000000fdb80000,0x00000000fdb80000,0x00000000ffd80000)
 ParOldGen       total 184320K, used 96381K [0x00000000a0000000, 0x00000000ab400000, 0x00000000e0000000)
  object space 184320K, 52% used [0x00000000a0000000,0x00000000a5e1f498,0x00000000ab400000)
 Metaspace       used 122015K, capacity 129914K, committed 130472K, reserved 1163264K
  class space    used 15019K, capacity 16423K, committed 16560K, reserved 1048576K
Event: 26077.834 GC heap after
Heap after GC invocations=121 (full 5):
 PSYoungGen      total 487424K, used 5274K [0x00000000e0000000, 0x00000000ffd00000, 0x0000000100000000)
  eden space 453120K, 0% used [0x00000000e0000000,0x00000000e0000000,0x00000000fba80000)
  from space 34304K, 15% used [0x00000000fdb80000,0x00000000fe0a6bd8,0x00000000ffd00000)
  to   space 33792K, 0% used [0x00000000fba80000,0x00000000fba80000,0x00000000fdb80000)
 ParOldGen       total 184320K, used 96453K [0x00000000a0000000, 0x00000000ab400000, 0x00000000e0000000)
  object space 184320K, 52% used [0x00000000a0000000,0x00000000a5e314a8,0x00000000ab400000)
 Metaspace       used 122015K, capacity 129914K, committed 130472K, reserved 1163264K
  class space    used 15019K, capacity 16423K, committed 16560K, reserved 1048576K
}

Deoptimization events (10 events):
Event: 26073.642 Thread 0x000000001db5c800 Uncommon trap: reason=unstable_if action=reinterpret pc=0x000000000894d6c8 method=com.android.tools.r8.ir.regalloc.LinearScanRegisterAllocator.allocateSingleInterval(Lcom/android/tools/r8/ir/regalloc/LiveIntervals;Lcom/android/tools/r8/ir/regalloc/LinearS
Event: 26073.837 Thread 0x000000001db62800 Uncommon trap: reason=class_check action=maybe_recompile pc=0x00000000042b99f0 method=com.android.tools.r8.ir.analysis.constant.SparseConditionalConstantPropagation.addFlowEdgesForJumpInstruction(Lcom/android/tools/r8/ir/code/JumpInstruction;)V @ 309
Event: 26073.943 Thread 0x000000001db61000 Uncommon trap: reason=unstable_if action=reinterpret pc=0x000000000663ca6c method=com.android.tools.r8.ir.conversion.JarState$Slot.getArrayElementType()Lcom/android/tools/r8/org/objectweb/asm/Type; @ 53
Event: 26073.953 Thread 0x000000001db57000 Uncommon trap: reason=unstable_if action=reinterpret pc=0x0000000009167138 method=java.util.HashMap$TreeNode.find(ILjava/lang/Object;Ljava/lang/Class;)Ljava/util/HashMap$TreeNode; @ 39
Event: 26074.214 Thread 0x000000001db5e000 Uncommon trap: reason=bimorphic action=maybe_recompile pc=0x00000000085ed6ac method=com.android.tools.r8.ir.analysis.constant.SparseConditionalConstantPropagation.visitPhi(Lcom/android/tools/r8/ir/code/Phi;)V @ 86
Event: 26074.473 Thread 0x000000001db5e000 Uncommon trap: reason=class_check action=maybe_recompile pc=0x00000000093ef57c method=com.android.tools.r8.ir.optimize.CodeRewriter.allowNewFilledArrayConstruction(Lcom/android/tools/r8/ir/code/Instruction;)Z @ 18
Event: 26076.525 Thread 0x000000001db61000 Uncommon trap: reason=unstable_if action=reinterpret pc=0x00000000091df1d0 method=com.android.tools.r8.ir.regalloc.LinearScanRegisterAllocator.allocateSingleInterval(Lcom/android/tools/r8/ir/regalloc/LiveIntervals;Lcom/android/tools/r8/ir/regalloc/LinearS
Event: 26076.934 Thread 0x000000001db5e000 Uncommon trap: reason=class_check action=maybe_recompile pc=0x00000000042b99f0 method=com.android.tools.r8.ir.analysis.constant.SparseConditionalConstantPropagation.addFlowEdgesForJumpInstruction(Lcom/android/tools/r8/ir/code/JumpInstruction;)V @ 309
Event: 26077.353 Thread 0x000000001db64000 Uncommon trap: reason=speculate_class_check action=maybe_recompile pc=0x0000000004a0cff8 method=com.android.tools.r8.graph.CachedHashValueDexItem.hashCode()I @ 11
Event: 26077.753 Thread 0x000000001db5c800 Uncommon trap: reason=unstable_if action=reinterpret pc=0x0000000009203fa4 method=java.util.HashMap$TreeNode.find(ILjava/lang/Object;Ljava/lang/Class;)Ljava/util/HashMap$TreeNode; @ 155

Classes redefined (0 events):
No events

Internal exceptions (10 events):
Event: 26075.112 Thread 0x000000001de17800 Exception <a 'sun/nio/fs/WindowsException'> (0x00000000e97434e8) thrown at [D:\src\AOSP-openjdk-cygwin\jdk8u\hotspot\src\share\vm\prims\jni.cpp, line 709]
Event: 26075.120 Thread 0x000000001de17800 Exception <a 'sun/nio/fs/WindowsException'> (0x00000000ea246f18) thrown at [D:\src\AOSP-openjdk-cygwin\jdk8u\hotspot\src\share\vm\prims\jni.cpp, line 709]
Event: 26075.120 Thread 0x000000001de17800 Exception <a 'sun/nio/fs/WindowsException'> (0x00000000ea247770) thrown at [D:\src\AOSP-openjdk-cygwin\jdk8u\hotspot\src\share\vm\prims\jni.cpp, line 709]
Event: 26075.120 Thread 0x000000001de17800 Exception <a 'sun/nio/fs/WindowsException'> (0x00000000ea248cc8) thrown at [D:\src\AOSP-openjdk-cygwin\jdk8u\hotspot\src\share\vm\prims\jni.cpp, line 709]
Event: 26075.139 Thread 0x000000001de17800 Exception <a 'sun/nio/fs/WindowsException'> (0x00000000eba56678) thrown at [D:\src\AOSP-openjdk-cygwin\jdk8u\hotspot\src\share\vm\prims\jni.cpp, line 709]
Event: 26075.139 Thread 0x000000001de17800 Exception <a 'sun/nio/fs/WindowsException'> (0x00000000eba56ed0) thrown at [D:\src\AOSP-openjdk-cygwin\jdk8u\hotspot\src\share\vm\prims\jni.cpp, line 709]
Event: 26075.139 Thread 0x000000001de17800 Exception <a 'sun/nio/fs/WindowsException'> (0x00000000eba58428) thrown at [D:\src\AOSP-openjdk-cygwin\jdk8u\hotspot\src\share\vm\prims\jni.cpp, line 709]
Event: 26075.161 Thread 0x000000001de17800 Exception <a 'sun/nio/fs/WindowsException'> (0x00000000ed5154b0) thrown at [D:\src\AOSP-openjdk-cygwin\jdk8u\hotspot\src\share\vm\prims\jni.cpp, line 709]
Event: 26075.161 Thread 0x000000001de17800 Exception <a 'sun/nio/fs/WindowsException'> (0x00000000ed515d08) thrown at [D:\src\AOSP-openjdk-cygwin\jdk8u\hotspot\src\share\vm\prims\jni.cpp, line 709]
Event: 26075.161 Thread 0x000000001de17800 Exception <a 'sun/nio/fs/WindowsException'> (0x00000000ed517260) thrown at [D:\src\AOSP-openjdk-cygwin\jdk8u\hotspot\src\share\vm\prims\jni.cpp, line 709]

Events (10 events):
Event: 26077.871 Thread 0x0000000018cdb000 flushing nmethod 0x00000000093b4b10
Event: 26077.871 Thread 0x0000000018cdb000 flushing nmethod 0x00000000093b9c10
Event: 26077.883 Thread 0x000000001db5c800 DEOPT PACKING pc=0x000000000955fbe5 sp=0x000000003715dfb0
Event: 26077.883 Thread 0x000000001db5c800 DEOPT UNPACKING pc=0x00000000030475d0 sp=0x000000003715dd58 mode 0
Event: 26077.965 Thread 0x000000001db5c800 DEOPT PACKING pc=0x000000000955fbe5 sp=0x000000003715dfb0
Event: 26077.965 Thread 0x000000001db5c800 DEOPT UNPACKING pc=0x00000000030475d0 sp=0x000000003715dd58 mode 0
Event: 26077.985 Thread 0x000000001db64000 DEOPT PACKING pc=0x000000000955fbe5 sp=0x000000003735dbd0
Event: 26077.985 Thread 0x000000001db64000 DEOPT UNPACKING pc=0x00000000030475d0 sp=0x000000003735d978 mode 0
Event: 26077.989 Thread 0x000000001db5e800 DEOPT PACKING pc=0x00000000093912bc sp=0x000000003725d930
Event: 26077.989 Thread 0x000000001db5e800 DEOPT UNPACKING pc=0x00000000030475d0 sp=0x000000003725d668 mode 0


Dynamic libraries:
0x00007ff77e840000 - 0x00007ff77e871000 	C:\Program Files\Android\Android Studio\jre\bin\java.exe
0x00007ffd5df50000 - 0x00007ffd5e131000 	C:\WINDOWS\SYSTEM32\ntdll.dll
0x00007ffd5d730000 - 0x00007ffd5d7e1000 	C:\WINDOWS\System32\KERNEL32.DLL
0x00007ffd5a900000 - 0x00007ffd5ab73000 	C:\WINDOWS\System32\KERNELBASE.dll
0x00007ffd5bc50000 - 0x00007ffd5bcf1000 	C:\WINDOWS\System32\ADVAPI32.dll
0x00007ffd5d7f0000 - 0x00007ffd5d88e000 	C:\WINDOWS\System32\msvcrt.dll
0x00007ffd5b6f0000 - 0x00007ffd5b74b000 	C:\WINDOWS\System32\sechost.dll
0x00007ffd5b750000 - 0x00007ffd5b874000 	C:\WINDOWS\System32\RPCRT4.dll
0x00007ffd5d910000 - 0x00007ffd5daa0000 	C:\WINDOWS\System32\USER32.dll
0x00007ffd5ab80000 - 0x00007ffd5aba0000 	C:\WINDOWS\System32\win32u.dll
0x00007ffd5bc10000 - 0x00007ffd5bc38000 	C:\WINDOWS\System32\GDI32.dll
0x00007ffd5a6b0000 - 0x00007ffd5a842000 	C:\WINDOWS\System32\gdi32full.dll
0x00007ffd5a320000 - 0x00007ffd5a3bf000 	C:\WINDOWS\System32\msvcp_win.dll
0x00007ffd5a3c0000 - 0x00007ffd5a4b8000 	C:\WINDOWS\System32\ucrtbase.dll
0x00007ffd4c620000 - 0x00007ffd4c889000 	C:\WINDOWS\WinSxS\amd64_microsoft.windows.common-controls_6595b64144ccf1df_6.0.17134.706_none_fb43a2cb30647007\COMCTL32.dll
0x00007ffd5b880000 - 0x00007ffd5bba2000 	C:\WINDOWS\System32\combase.dll
0x00007ffd5b2b0000 - 0x00007ffd5b32a000 	C:\WINDOWS\System32\bcryptPrimitives.dll
0x00007ffd5b6c0000 - 0x00007ffd5b6ed000 	C:\WINDOWS\System32\IMM32.DLL
0x000000006c720000 - 0x000000006c7f2000 	C:\Program Files\Android\Android Studio\jre\jre\bin\msvcr100.dll
0x000000006ee80000 - 0x000000006f6c1000 	C:\Program Files\Android\Android Studio\jre\jre\bin\server\jvm.dll
0x00007ffd5bc40000 - 0x00007ffd5bc48000 	C:\WINDOWS\System32\PSAPI.DLL
0x00007ffd58e40000 - 0x00007ffd58e49000 	C:\WINDOWS\SYSTEM32\WSOCK32.dll
0x00007ffd4f730000 - 0x00007ffd4f73a000 	C:\WINDOWS\SYSTEM32\VERSION.dll
0x00007ffd56540000 - 0x00007ffd56563000 	C:\WINDOWS\SYSTEM32\WINMM.dll
0x00007ffd5dab0000 - 0x00007ffd5db1c000 	C:\WINDOWS\System32\WS2_32.dll
0x00007ffd56510000 - 0x00007ffd5653a000 	C:\WINDOWS\SYSTEM32\WINMMBASE.dll
0x00007ffd5b330000 - 0x00007ffd5b379000 	C:\WINDOWS\System32\cfgmgr32.dll
0x00007ffd52dc0000 - 0x00007ffd52dcf000 	C:\Program Files\Android\Android Studio\jre\jre\bin\verify.dll
0x00007ffd46870000 - 0x00007ffd46899000 	C:\Program Files\Android\Android Studio\jre\jre\bin\java.dll
0x00007ffd52da0000 - 0x00007ffd52db6000 	C:\Program Files\Android\Android Studio\jre\jre\bin\zip.dll
0x00007ffd5c150000 - 0x00007ffd5d590000 	C:\WINDOWS\System32\SHELL32.dll
0x00007ffd5dc80000 - 0x00007ffd5dd29000 	C:\WINDOWS\System32\shcore.dll
0x00007ffd5aba0000 - 0x00007ffd5b2ad000 	C:\WINDOWS\System32\windows.storage.dll
0x00007ffd5b3e0000 - 0x00007ffd5b431000 	C:\WINDOWS\System32\shlwapi.dll
0x00007ffd5a300000 - 0x00007ffd5a311000 	C:\WINDOWS\System32\kernel.appcore.dll
0x00007ffd5a2c0000 - 0x00007ffd5a2df000 	C:\WINDOWS\System32\profapi.dll
0x00007ffd5a260000 - 0x00007ffd5a2ac000 	C:\WINDOWS\System32\powrprof.dll
0x00007ffd5a2b0000 - 0x00007ffd5a2ba000 	C:\WINDOWS\System32\FLTLIB.DLL
0x00007ffd52480000 - 0x00007ffd5249a000 	C:\Program Files\Android\Android Studio\jre\jre\bin\net.dll
0x00007ffd59ae0000 - 0x00007ffd59b46000 	C:\WINDOWS\system32\mswsock.dll
0x00007ffd52150000 - 0x00007ffd52161000 	C:\Program Files\Android\Android Studio\jre\jre\bin\nio.dll
0x00007ffd518b0000 - 0x00007ffd518ce000 	C:\Users\ROG GL552VX\.gradle\native\25\windows-amd64\native-platform.dll
0x00007ffd52410000 - 0x00007ffd5241d000 	C:\Program Files\Android\Android Studio\jre\jre\bin\management.dll
0x00007ffd59c90000 - 0x00007ffd59ca7000 	C:\WINDOWS\SYSTEM32\CRYPTSP.dll
0x00007ffd596c0000 - 0x00007ffd596f3000 	C:\WINDOWS\system32\rsaenh.dll
0x00007ffd59dc0000 - 0x00007ffd59de5000 	C:\WINDOWS\SYSTEM32\bcrypt.dll
0x00007ffd5a190000 - 0x00007ffd5a1b8000 	C:\WINDOWS\SYSTEM32\USERENV.dll
0x00007ffd59cb0000 - 0x00007ffd59cbb000 	C:\WINDOWS\SYSTEM32\CRYPTBASE.dll
0x00007ffd59860000 - 0x00007ffd59898000 	C:\WINDOWS\SYSTEM32\IPHLPAPI.DLL
0x00007ffd5b440000 - 0x00007ffd5b448000 	C:\WINDOWS\System32\NSI.dll
0x00007ffd4f240000 - 0x00007ffd4f256000 	C:\WINDOWS\SYSTEM32\dhcpcsvc6.DLL
0x00007ffd4f200000 - 0x00007ffd4f21a000 	C:\WINDOWS\SYSTEM32\dhcpcsvc.DLL
0x00007ffd3de70000 - 0x00007ffd3de94000 	C:\Program Files\Android\Android Studio\jre\jre\bin\sunec.dll
0x00007ffd598b0000 - 0x00007ffd5996e000 	C:\WINDOWS\SYSTEM32\DNSAPI.dll
0x00007ffd4bc90000 - 0x00007ffd4bc9a000 	C:\Windows\System32\rasadhlp.dll
0x00007ffd4e950000 - 0x00007ffd4e9c2000 	C:\WINDOWS\System32\fwpuclnt.dll
0x00007ffd55ab0000 - 0x00007ffd55abb000 	C:\Program Files\Android\Android Studio\jre\jre\bin\sunmscapi.dll
0x00007ffd5a4c0000 - 0x00007ffd5a6a2000 	C:\WINDOWS\System32\CRYPT32.dll
0x00007ffd5a2e0000 - 0x00007ffd5a2f2000 	C:\WINDOWS\System32\MSASN1.dll

VM Arguments:
jvm_args: -Xmx1536m -Dfile.encoding=windows-1252 -Duser.country=US -Duser.language=en -Duser.variant 
java_command: org.gradle.launcher.daemon.bootstrap.GradleDaemon 4.10.1
java_class_path (initial): C:\Users\ROG GL552VX\.gradle\wrapper\dists\gradle-4.10.1-all\455itskqi2qtf0v2sja68alqd\gradle-4.10.1\lib\gradle-launcher-4.10.1.jar
Launcher Type: SUN_STANDARD

Environment Variables:
JAVA_HOME=C:\Program Files (x86)\Java\jdk1.8.0_161
PATH=C:\ProgramData\Oracle\Java\javapath;C:\Program Files (x86)\Razer Chroma SDK\bin;C:\Program Files\Razer Chroma SDK\bin;C:\Program Files (x86)\Intel\iCLS Client\;C:\Program Files\Intel\iCLS Client\;C:\Windows\system32;C:\Windows;C:\Windows\System32\Wbem;C:\Windows\System32\WindowsPowerShell\v1.0\;C:\Program Files (x86)\NVIDIA Corporation\PhysX\Common;C:\Program Files (x86)\Intel\Intel(R) Management Engine Components\DAL;C:\Program Files\Intel\Intel(R) Management Engine Components\DAL;C:\Program Files (x86)\Intel\Intel(R) Management Engine Components\IPT;C:\Program Files\Intel\Intel(R) Management Engine Components\IPT;C:\WINDOWS\system32;C:\WINDOWS;C:\WINDOWS\System32\Wbem;C:\WINDOWS\System32\WindowsPowerShell\v1.0\;C:\Program Files (x86)\Java\jdk1.8.0_161\bin;C:\WINDOWS\System32\OpenSSH\;C:\xampp\php;C:\composer;C:\Program Files\Git\cmd;C:\Program Files (x86)\GtkSharp\2.12\bin;C:\Users\ROG GL552VX\AppData\Local\Microsoft\WindowsApps;C:\Users\ROG GL552VX\AppData\Local\Programs\Microsoft VS Code\bin;C:\Users\ROG GL552VX\AppData\Local\GitHubDesktop\bin;C:\Users\ROG GL552VX\AppData\Roaming\Composer\vendor\bin
USERNAME=ROG GL552VX
OS=Windows_NT
PROCESSOR_IDENTIFIER=Intel64 Family 6 Model 94 Stepping 3, GenuineIntel



---------------  S Y S T E M  ---------------

OS: Windows 10.0 , 64 bit Build 17134 (10.0.17134.706)

CPU:total 8 (initial active 8) (4 cores per cpu, 2 threads per core) family 6 model 94 stepping 3, cmov, cx8, fxsr, mmx, sse, sse2, sse3, ssse3, sse4.1, sse4.2, popcnt, avx, avx2, aes, clmul, erms, rtm, 3dnowpref, lzcnt, ht, tsc, tscinvbit, bmi1, bmi2, adx

Memory: 4k page, physical 16175892k(5679600k free), swap 46895892k(5964k free)

vm_info: OpenJDK 64-Bit Server VM (25.152-b01) for windows-amd64 JRE (1.8.0_152-release-1248-b01), built by "builder" with MS VC++ 10.0 (VS2010)

time: Thu May 09 20:02:26 2019
elapsed time: 26078 seconds (0d 7h 14m 38s)

